<?xml version="1.0" encoding="UTF-8"?>
<!-- Generated by org.testng.reporters.JUnitReportReporter -->
<testsuite hostname="RP555" failures="0" tests="2" name="SeleniumUI.MainSelenium" time="69.734" errors="0" timestamp="2023-08-29T14:32:52 IST" skipped="0">
  <testcase classname="SeleniumUI.MainSelenium" name="assessment" time="34.131"/>
  <testcase classname="SeleniumUI.MainSelenium" name="assessment" time="35.603"/>
</testsuite> <!-- SeleniumUI.MainSelenium -->
