<?xml version="1.0" encoding="UTF-8"?>
<!-- Generated by org.testng.reporters.JUnitReportReporter -->
<testsuite hostname="RP555" failures="0" tests="2" name="selenium.Selenium_assessment" time="69.395" errors="0" timestamp="2023-08-29T14:21:45 IST" skipped="0">
  <testcase classname="selenium.Selenium_assessment" name="assessment" time="35.271"/>
  <testcase classname="selenium.Selenium_assessment" name="assessment" time="34.124"/>
</testsuite> <!-- selenium.Selenium_assessment -->
